      TEF MEK E
fload
      loading a forth program from flashROM ..
/forth/ascii_xfer_a001.txt was closed - Cortex-Forth.ino LINE 369
 
.s
  empty  Ok
464 bottom + dup .s 536871376 536871376 rlist  
200001D0 : 00 00 00 00 D1 42 00 00 04 65 78 69 14 00 00 00   .....B...exi....    
200001E0 : D5 42 00 00 03 6B 65 79 17 00 00 00 59 5A 00 00   .B...key....YZ..    
200001F0 : 04 65 6D 69 1A 00 00 00 7D 5A 00 00 02 63 72 00   .emi....}Z...cr.    
20000200 : 1D 00 00 00 89 49 00 00 05 70 61 72 20 00 00 00   .....I...par ...    
20000210 : 79 5C 00 00 04 77 6F 72 23 00 00 00 61 4B 00 00   y\...wor#...aK..    
20000220 : 03 64 75 70 26 00 00 00 15 43 00 00 04 64 72 6F   .dup&....C...dro    
20000230 : 29 00 00 00 F5 42 00 00 04 73 77 61 2C 00 00 00   )....B...swa,...    
20000240 : 69 43 00 00 04 6F 76 65 2F 00 00 00 95 43 00 00   iC...ove/....C..    
 
.s 536871504 dup rlist  
20000250 : 01 40 00 00 32 00 00 00 B9 43 00 00 01 21 00 00   .@..2....C...!..    
20000260 : 35 00 00 00 D1 43 00 00 01 2C 00 00 38 00 00 00   5....C...,..8...    
20000270 : FD 43 00 00 04 66 69 6E 3B 00 00 00 E9 45 00 00   .C...fin;....E..    
20000280 : 07 65 78 65 3E 00 00 00 A1 45 00 00 03 3F 64 75   .exe>....E...?du    
20000290 : 41 00 00 00 35 43 00 00 06 6E 75 6D 44 00 00 00   A...5C...numD...    
200002A0 : BD 49 00 00 05 64 65 70 47 00 00 00 3D 46 00 00   .I...depG...=F..    
200002B0 : 02 30 3C 00 4A 00 00 00 25 46 00 00 05 61 62 6F   .0<.J...%F...abo    
200002C0 : 4D 00 00 00 75 45 00 00 07 00 00 00 02 00 00 00   M...uE..........    
 

Sat Aug 24 16:02:50 UTC 2019
